e:\university\year 2\games programming 1\gp1\games programing\debug\vc120.pdb
e:\university\year 2\games programming 1\gp1\games programing\debug\vc120.idb
e:\university\year 2\games programming 1\gp1\games programing\debug\asteroidsgame.obj
e:\university\year 2\games programming 1\gp1\games programing\debug\casteroid.obj
e:\university\year 2\games programming 1\gp1\games programing\debug\cbkground.obj
e:\university\year 2\games programming 1\gp1\games programing\debug\cbullet.obj
e:\university\year 2\games programming 1\gp1\games programing\debug\cfont.obj
e:\university\year 2\games programming 1\gp1\games programing\debug\cfontmgr.obj
e:\university\year 2\games programming 1\gp1\games programing\debug\cinputmgr.obj
e:\university\year 2\games programming 1\gp1\games programing\debug\crocket.obj
e:\university\year 2\games programming 1\gp1\games programing\debug\csound.obj
e:\university\year 2\games programming 1\gp1\games programing\debug\csoundmgr.obj
e:\university\year 2\games programming 1\gp1\games programing\debug\csprite.obj
e:\university\year 2\games programming 1\gp1\games programing\debug\ctexture.obj
e:\university\year 2\games programming 1\gp1\games programing\debug\cwndmanager.obj
e:\university\year 2\games programming 1\gp1\games programing\debug\main.obj
e:\university\year 2\games programming 1\gp1\games programing\debug\windowogl.obj
e:\university\year 2\games programming 1\gp1\debug\games programing.ilk
e:\university\year 2\games programming 1\gp1\debug\games programing.exe
e:\university\year 2\games programming 1\gp1\debug\games programing.pdb
e:\university\year 2\games programming 1\gp1\games programing\debug\games programing.tlog\cl.command.1.tlog
e:\university\year 2\games programming 1\gp1\games programing\debug\games programing.tlog\cl.read.1.tlog
e:\university\year 2\games programming 1\gp1\games programing\debug\games programing.tlog\cl.write.1.tlog
e:\university\year 2\games programming 1\gp1\games programing\debug\games programing.tlog\link.command.1.tlog
e:\university\year 2\games programming 1\gp1\games programing\debug\games programing.tlog\link.read.1.tlog
e:\university\year 2\games programming 1\gp1\games programing\debug\games programing.tlog\link.write.1.tlog
